23 Oct 2014 10:59:18 AM oracle.mds
NOTIFICATION: PManager instance is created without multitenancy support as JVM flag "oracle.multitenant.enabled" is not set to enable multitenancy support.
23 Oct 2014 10:59:19 AM oracle.security.jps.internal.config.xml.XmlConfigurationFactory initDefaultConfiguration
SEVERE: java.io.FileNotFoundException: .\config\jps-config.xml (The system cannot find the path specified)
23 Oct 2014 10:59:19 AM oracle.mds
NOTIFICATION: Auditing is disabled for component MDS.
23 Oct 2014 10:59:19 AM oracle.fabric.common.wsdl.SchemaManager isIncrementalBuildSupported
INFO: XMLSchema incremental build enabled.
23 Oct 2014 10:59:19 AM com.collaxa.cube.CubeLogger info
INFO: validating "InitialDbInsert.bpel" ...
23 Oct 2014 10:59:19 AM oracle.integration.platform.blocks.FabricConfigManager <clinit>
WARNING: JRF is unable to determine the current application server platform.
23 Oct 2014 10:59:19 AM oracle.integration.platform.blocks.WLSPlatformConfigurationProvider <clinit>
WARNING: JRF is unable to determine the current application server platform.
23 Oct 2014 10:59:20 AM com.collaxa.cube.CubeLogger info
INFO: Composed "InitialDbInsert" in 78.5 milliseconds [nodes 24=0+24, 305.6 nodes/sec]
23 Oct 2014 10:59:24 AM com.collaxa.cube.CubeLogger info
INFO: Compiled "InitialDbInsert" in 3.624 seconds
23 Oct 2014 10:59:24 AM com.collaxa.cube.CubeLogger info
INFO: Gathered 3 files in 1.3 milliseconds

23 Oct 2014 10:59:24 AM com.collaxa.cube.CubeLogger info
INFO: Packaged "InitialDbInsert" in 249.6 milliseconds

