28 Oct 2014 2:17:31 PM oracle.mds
NOTIFICATION: PManager instance is created without multitenancy support as JVM flag "oracle.multitenant.enabled" is not set to enable multitenancy support.
28 Oct 2014 2:17:32 PM oracle.security.jps.internal.config.xml.XmlConfigurationFactory initDefaultConfiguration
SEVERE: java.io.FileNotFoundException: .\config\jps-config.xml (The system cannot find the path specified)
28 Oct 2014 2:17:32 PM oracle.mds
NOTIFICATION: Auditing is disabled for component MDS.
28 Oct 2014 2:17:32 PM oracle.fabric.common.wsdl.SchemaManager isIncrementalBuildSupported
INFO: XMLSchema incremental build enabled.
28 Oct 2014 2:17:32 PM com.collaxa.cube.CubeLogger info
INFO: validating "InitialParentInsert.bpel" ...
28 Oct 2014 2:17:32 PM oracle.integration.platform.blocks.FabricConfigManager <clinit>
WARNING: JRF is unable to determine the current application server platform.
28 Oct 2014 2:17:32 PM oracle.integration.platform.blocks.WLSPlatformConfigurationProvider <clinit>
WARNING: JRF is unable to determine the current application server platform.
28 Oct 2014 2:17:32 PM com.collaxa.cube.CubeLogger info
INFO: Composed "InitialParentInsert" in 31.6 milliseconds [nodes 9=0+9, 284.8 nodes/sec]
28 Oct 2014 2:17:33 PM com.collaxa.cube.CubeLogger info
INFO: Compiled "InitialParentInsert" in 1.199 seconds
28 Oct 2014 2:17:33 PM com.collaxa.cube.CubeLogger info
INFO: Gathered 3 files in 0.5 milliseconds

28 Oct 2014 2:17:33 PM com.collaxa.cube.CubeLogger info
INFO: Packaged "InitialParentInsert" in 5.2 milliseconds

